{
  "stats": {
    "suites": 1,
    "tests": 4,
    "passes": 4,
    "pending": 0,
    "failures": 0,
    "start": "2024-06-03T01:51:15.217Z",
    "end": "2024-06-03T01:51:17.389Z",
    "duration": 2172,
    "testsRegistered": 4,
    "passPercent": 100,
    "pendingPercent": 0,
    "other": 0,
    "hasOther": false,
    "skipped": 0,
    "hasSkipped": false
  },
  "results": [
    {
      "uuid": "9462cdd9-46b6-4b6c-b586-613d25dbb3ea",
      "title": "",
      "fullFile": "D:\\ana\\prodemy\\tugas6-mochawesome-axios\\tugas\\dummy-api.spec.js",
      "file": "\\tugas\\dummy-api.spec.js",
      "beforeHooks": [],
      "afterHooks": [],
      "tests": [],
      "suites": [
        {
          "uuid": "9dfe601f-9144-4478-aa38-d15b976eab44",
          "title": "DUMMY API TESTING",
          "fullFile": "D:\\ana\\prodemy\\tugas6-mochawesome-axios\\tugas\\dummy-api.spec.js",
          "file": "\\tugas\\dummy-api.spec.js",
          "beforeHooks": [],
          "afterHooks": [],
          "tests": [
            {
              "title": "API DUMMY GET ",
              "fullTitle": "DUMMY API TESTING API DUMMY GET ",
              "timedOut": false,
              "duration": 951,
              "state": "passed",
              "speed": "slow",
              "pass": true,
              "fail": false,
              "pending": false,
              "context": null,
              "code": "const res = await axios.get('https://dummyjson.com/product/1')\nexpect(res.data).to.be.jsonSchema(dummyGetSchema)",
              "err": {},
              "uuid": "718de8ff-309f-4afd-a4a0-a30122640da2",
              "parentUUID": "9dfe601f-9144-4478-aa38-d15b976eab44",
              "isHook": false,
              "skipped": false
            },
            {
              "title": "API DUMMY POST ",
              "fullTitle": "DUMMY API TESTING API DUMMY POST ",
              "timedOut": false,
              "duration": 279,
              "state": "passed",
              "speed": "slow",
              "pass": true,
              "fail": false,
              "pending": false,
              "context": null,
              "code": "const newTitle ={\n    id: \"211\",\n    title: \"BMW Pencil\",\n    id: \"213\",\n    title: \"notebook barbie\"\n}\nconst res = await axios.post('https://dummyjson.com/products/add', newTitle)\nexpect(res.data).to.be.jsonSchema(dummyPostSchema)",
              "err": {},
              "uuid": "98d1f8cf-b77c-4369-84e6-ca9d1986ba77",
              "parentUUID": "9dfe601f-9144-4478-aa38-d15b976eab44",
              "isHook": false,
              "skipped": false
            },
            {
              "title": "API DUMMY PUT",
              "fullTitle": "DUMMY API TESTING API DUMMY PUT",
              "timedOut": false,
              "duration": 272,
              "state": "passed",
              "speed": "slow",
              "pass": true,
              "fail": false,
              "pending": false,
              "context": null,
              "code": "const updateBarang ={\n    id: \"1\",\n    title: \"BMW PEN\",\n    id: \"2\",\n    title: \"notebook Spiderman\"\n}\nconst res = await axios.put('https://dummyjson.com/products/1', updateBarang)\nexpect(res.data).to.be.jsonSchema(dummyPutSchema)",
              "err": {},
              "uuid": "2e0ed38b-0898-4252-898f-650877a7f2a8",
              "parentUUID": "9dfe601f-9144-4478-aa38-d15b976eab44",
              "isHook": false,
              "skipped": false
            },
            {
              "title": "API DUMMY DELETE ",
              "fullTitle": "DUMMY API TESTING API DUMMY DELETE ",
              "timedOut": false,
              "duration": 627,
              "state": "passed",
              "speed": "slow",
              "pass": true,
              "fail": false,
              "pending": false,
              "context": null,
              "code": "const res = await axios.delete('https://dummyjson.com/products/1')\nexpect(res.data).to.be.jsonSchema(dummyDeleteSchema)",
              "err": {},
              "uuid": "c05e1a31-ae9e-4dec-8305-1a0da316e4ea",
              "parentUUID": "9dfe601f-9144-4478-aa38-d15b976eab44",
              "isHook": false,
              "skipped": false
            }
          ],
          "suites": [],
          "passes": [
            "718de8ff-309f-4afd-a4a0-a30122640da2",
            "98d1f8cf-b77c-4369-84e6-ca9d1986ba77",
            "2e0ed38b-0898-4252-898f-650877a7f2a8",
            "c05e1a31-ae9e-4dec-8305-1a0da316e4ea"
          ],
          "failures": [],
          "pending": [],
          "skipped": [],
          "duration": 2129,
          "root": false,
          "rootEmpty": false,
          "_timeout": 2000
        }
      ],
      "passes": [],
      "failures": [],
      "pending": [],
      "skipped": [],
      "duration": 0,
      "root": true,
      "rootEmpty": true,
      "_timeout": 2000
    }
  ],
  "meta": {
    "mocha": {
      "version": "10.4.0"
    },
    "mochawesome": {
      "options": {
        "quiet": false,
        "reportFilename": "mochawesome",
        "saveHtml": true,
        "saveJson": true,
        "consoleReporter": "spec",
        "useInlineDiffs": false,
        "code": true
      },
      "version": "7.1.3"
    },
    "marge": {
      "options": null,
      "version": "6.2.0"
    }
  }
}